[    0.000000] Command line: BOOT_IMAGE=/vmlinuz-3.19.8-ckt6-bsnsk root=/dev/mapper/Ihost--vg-root ro printk.time=1 initcall_debug
[    0.000000] Kernel command line: BOOT_IMAGE=/vmlinuz-3.19.8-ckt6-bsnsk root=/dev/mapper/Ihost--vg-root ro printk.time=1 initcall_debug
 0 usecs [ 2437.860461] initcall xen_init_spinlocks_jump+0x0/0x29 returned 0 
 0 usecs [ 2437.860481] initcall set_real_mode_permissions+0x0/0x9a returned 0 
 0 usecs [ 2437.860488] initcall trace_init_perf_perm_irq_work_exit+0x0/0x13 returned 0 
 0 usecs [ 2437.860492] initcall trace_init_flags_sys_exit+0x0/0xf returned 0 
 0 usecs [ 2437.860495] initcall trace_init_flags_sys_enter+0x0/0xf returned 0 
 0 usecs [ 2437.860505] initcall init_hw_perf_events+0x0/0x567 returned 0 
 0 usecs [ 2437.860509] initcall register_trigger_all_cpu_backtrace+0x0/0x16 returned 0 
 0 usecs [ 2437.860513] initcall numachip_system_init+0x0/0x52 returned 0 
 0 usecs [ 2437.866934] initcall early_efi_map_fb+0x0/0x32 returned 0 
 0 usecs [ 2437.866966] initcall spawn_ksoftirqd+0x0/0x26 returned 0 
 0 usecs [ 2437.867011] initcall init_workqueues+0x0/0x535 returned 0 
 0 usecs [ 2437.867015] initcall migration_init+0x0/0x6b returned 0 
 0 usecs [ 2437.867019] initcall check_cpu_stall_init+0x0/0x1b returned 0 
 0 usecs [ 2437.867023] initcall rcu_register_oom_notifier+0x0/0x14 returned 0 
 0 usecs [ 2437.867046] initcall rcu_spawn_gp_kthread+0x0/0xcf returned 0 
 0 usecs [ 2437.867057] initcall cpu_stop_init+0x0/0x75 returned 0 
 0 usecs [ 2437.867063] initcall relay_init+0x0/0x14 returned 0 
 0 usecs [ 2437.867072] initcall init_events+0x0/0x60 returned 0 
 0 usecs [ 2437.867077] initcall init_trace_printk+0x0/0x12 returned 0 
 0 usecs [ 2437.867083] initcall event_trace_enable_again+0x0/0x24 returned 0 
 0 usecs [ 2437.867086] initcall jump_label_init_module+0x0/0x12 returned 0 
 0 usecs [ 2437.867429] initcall dynamic_debug_init+0x0/0x263 returned 0 
 0 usecs [ 2437.867435] initcall balloon_clear+0x0/0x4f returned 0 
 0 usecs [ 2437.867469] initcall rand_initialize+0x0/0x40 returned 0 
 0 usecs [ 2437.884518] initcall ipc_ns_init+0x0/0x48 returned 0 
 0 usecs [ 2437.884522] initcall init_mmap_min_addr+0x0/0x16 returned 0 
 0 usecs [ 2437.884536] initcall evm_display_config+0x0/0x2f returned 0 
 0 usecs [ 2437.884541] initcall init_cpufreq_transition_notifier_list+0x0/0x1b returned 0 
 0 usecs [ 2437.884757] initcall xen_pvh_gnttab_setup+0x0/0x193 returned -19 
 0 usecs [ 2437.884762] initcall e820_mark_nvs_memory+0x0/0x3d returned 0 
 0 usecs [ 2437.884767] initcall cpufreq_tsc+0x0/0x33 returned 0 
 0 usecs [ 2437.884776] initcall reboot_init+0x0/0x37 returned 0 
 0 usecs [ 2437.884780] initcall init_lapic_sysfs+0x0/0x23 returned 0 
 0 usecs [ 2437.884786] initcall cpu_hotplug_pm_sync_init+0x0/0x14 returned 0 
 0 usecs [ 2437.884791] initcall alloc_frozen_cpus+0x0/0x8 returned 0 
 0 usecs [ 2437.884810] initcall wq_sysfs_init+0x0/0x14 returned 0 
 0 usecs [ 2437.884827] initcall ksysfs_init+0x0/0x95 returned 0 
 0 usecs [ 2437.884864] initcall pm_init+0x0/0x76 returned 0 
 0 usecs [ 2437.884869] initcall pm_disk_init+0x0/0x19 returned 0 
 0 usecs [ 2437.884874] initcall swsusp_header_init+0x0/0x40 returned 0 
 0 usecs [ 2437.884879] initcall init_jiffies_clocksource+0x0/0x12 returned 0 
 0 usecs [ 2437.884886] initcall cgroup_wq_init+0x0/0x58 returned 0 
 0 usecs [ 2437.884892] initcall ftrace_mod_cmd_init+0x0/0x12 returned 0 
 0 usecs [ 2437.884898] initcall init_function_trace+0x0/0x92 returned 0 
 0 usecs [ 2437.884903] initcall init_wakeup_tracer+0x0/0x32 returned 0 
 0 usecs [ 2437.884911] initcall init_graph_trace+0x0/0x68 returned 0 
 0 usecs [ 2437.885074] initcall perf_workqueue_init+0x0/0x5d returned 0 
 0 usecs [ 2437.885090] initcall init_zero_pfn+0x0/0x39 returned 0 
 0 usecs [ 2437.885095] initcall memory_failure_init+0x0/0xab returned 0 
 0 usecs [ 2437.885101] initcall cma_init_reserved_areas+0x0/0x1d4 returned 0 
 0 usecs [ 2437.885107] initcall fsnotify_init+0x0/0x26 returned 0 
 0 usecs [ 2437.885113] initcall filelock_init+0x0/0x84 returned 0 
 0 usecs [ 2437.885118] initcall init_script_binfmt+0x0/0x16 returned 0 
 0 usecs [ 2437.885124] initcall init_elf_binfmt+0x0/0x16 returned 0 
 0 usecs [ 2437.885129] initcall init_compat_elf_binfmt+0x0/0x16 returned 0 
 0 usecs [ 2437.885136] initcall debugfs_init+0x0/0x53 returned 0 
 0 usecs [ 2437.885141] initcall securityfs_init+0x0/0x4a returned 0 
 0 usecs [ 2437.885146] initcall prandom_init+0x0/0xee returned 0 
 0 usecs [ 2437.885169] initcall pinctrl_init+0x0/0xb2 returned 0 
 0 usecs [ 2437.885175] initcall sfi_sysfs_init+0x0/0xd9 returned 0 
 0 usecs [ 2437.885188] initcall virtio_init+0x0/0x30 returned 0 
 0 usecs [ 2437.885231] initcall regulator_init+0x0/0x6d returned 0 
 0 usecs [ 2437.885259] initcall early_resume_init+0x0/0x1d0 returned 0 
 0 usecs [ 2437.885262] initcall cpufreq_core_init+0x0/0x2e returned 0 
 0 usecs [ 2437.885268] initcall cpuidle_init+0x0/0x3f returned 0 
 0 usecs [ 2437.885273] initcall bsp_pm_check_init+0x0/0x14 returned 0 
 0 usecs [ 2437.885293] initcall sock_init+0x0/0x88 returned 0 
 0 usecs [ 2437.885299] initcall net_inuse_init+0x0/0x26 returned 0 
 0 usecs [ 2437.885345] initcall netlink_proto_init+0x0/0x1a6 returned 0 
 0 usecs [ 2437.885351] initcall __gnttab_init+0x0/0x40 returned -19 
 0 usecs [ 2437.885363] initcall bdi_class_init+0x0/0x49 returned 0 
 0 usecs [ 2437.885368] initcall mm_sysfs_init+0x0/0x29 returned 0 
 0 usecs [ 2437.885372] initcall kobject_uevent_init+0x0/0x12 returned 0 
 0 usecs [ 2437.885378] initcall gpiolib_sysfs_init+0x0/0x95 returned 0 
 0 usecs [ 2437.885382] initcall pcibus_class_init+0x0/0x19 returned 0 
 0 usecs [ 2437.885391] initcall pci_driver_init+0x0/0x12 returned 0 
 0 usecs [ 2437.885401] initcall rio_bus_init+0x0/0x43 returned 0 
 0 usecs [ 2437.885406] initcall backlight_class_init+0x0/0xaa returned 0 
 0 usecs [ 2437.885412] initcall xenbus_init+0x0/0x292 returned -19 
 0 usecs [ 2437.885416] initcall tty_class_init+0x0/0x34 returned 0 
 0 usecs [ 2437.885429] initcall vtconsole_class_init+0x0/0xbf returned 0 
 0 usecs [ 2437.885434] initcall iommu_dev_init+0x0/0x19 returned 0 
 0 usecs [ 2437.885441] initcall wakeup_sources_debugfs_init+0x0/0x2b returned 0 
 0 usecs [ 2437.885458] initcall register_node_type+0x0/0x31 returned 0 
 0 usecs [ 2437.885463] initcall regmap_initcall+0x0/0xd returned 0 
 0 usecs [ 2437.885471] initcall sram_init+0x0/0x14 returned 0 
 0 usecs [ 2437.885478] initcall syscon_init+0x0/0x14 returned 0 
 0 usecs [ 2437.885489] initcall spi_init+0x0/0x86 returned 0 
 0 usecs [ 2437.885500] initcall i2c_init+0x0/0x71 returned 0 
 0 usecs [ 2437.892956] initcall amd_postcore_init+0x0/0x147 returned 0 
 0 usecs [ 2437.892990] initcall boot_params_ksysfs_init+0x0/0x249 returned 0 
 0 usecs [ 2437.893005] initcall arch_kdebugfs_init+0x0/0x24 returned 0 
 0 usecs [ 2437.893016] initcall mtrr_if_init+0x0/0x65 returned 0 
 0 usecs [ 2437.893028] initcall ffh_cstate_init+0x0/0x2b returned 0 
 0 usecs [ 2437.893035] initcall activate_jump_labels+0x0/0x35 returned 0 
 0 usecs [ 2437.893060] initcall kcmp_cookies_init+0x0/0x36 returned 0 
 0 usecs [ 2437.893075] initcall acpi_pci_init+0x0/0x66 returned 0 
 0 usecs [ 2437.893096] initcall dma_bus_init+0x0/0xb0 returned 0 
 0 usecs [ 2437.893109] initcall dma_channel_table_init+0x0/0xd1 returned 0 
 0 usecs [ 2437.893119] initcall setup_vcpu_hotplug_event+0x0/0x22 returned -19 
 0 usecs [ 2437.893128] initcall register_xen_pci_notifier+0x0/0x36 returned 0 
 0 usecs [ 2437.893133] initcall xen_pcpu_init+0x0/0xc9 returned -19 
 0 usecs [ 2437.893142] initcall iommu_init+0x0/0x56 returned 0 
 0 usecs [ 2437.893198] initcall dmi_id_init+0x0/0x30f returned 0 
 0 usecs [ 2437.893290] initcall pci_arch_init+0x0/0x6a returned 0 
 0 usecs [ 2437.893410] initcall topology_init+0x0/0x8c returned 0 
 0 usecs [ 2437.893419] initcall mtrr_init_finialize+0x0/0x36 returned 0 
 0 usecs [ 2437.893545] initcall init_vdso+0x0/0x49 returned 0 
 0 usecs [ 2437.893557] initcall sysenter_setup+0x0/0x57 returned 0 
 0 usecs [ 2437.893563] initcall uid_cache_init+0x0/0xbf returned 0 
 0 usecs [ 2437.895228] initcall param_sysfs_init+0x0/0x1b0 returned 0 
 0 usecs [ 2437.895237] initcall proc_schedstat_init+0x0/0x22 returned 0 
 0 usecs [ 2437.896970] initcall create_proc_profile+0x0/0x2c0 returned 0 
 0 usecs [ 2437.897002] initcall crash_save_vmcoreinfo_init+0x0/0x558 returned 0 
 0 usecs [ 2437.897012] initcall crash_notes_memory_init+0x0/0x37 returned 0 
 0 usecs [ 2437.897024] initcall user_namespaces_init+0x0/0x2d returned 0 
 0 usecs [ 2437.897165] initcall hung_task_init+0x0/0x53 returned 0 
 0 usecs [ 2437.897269] initcall default_bdi_init+0x0/0x64 returned 0 
 0 usecs [ 2437.897275] initcall percpu_enable_async+0x0/0xf returned 0 
 0 usecs [ 2437.897285] initcall init_reserve_notifier+0x0/0x26 returned 0 
 0 usecs [ 2437.897295] initcall init_admin_reserve+0x0/0x40 returned 0 
 0 usecs [ 2437.897303] initcall init_user_reserve+0x0/0x40 returned 0 
 0 usecs [ 2437.897450] initcall ksm_init+0x0/0x15b returned 0 
 0 usecs [ 2437.897609] initcall hugepage_init+0x0/0x142 returned 0 
 0 usecs [ 2437.897623] initcall mem_cgroup_init+0x0/0x189 returned 0 
 0 usecs [ 2437.897801] initcall crypto_wq_init+0x0/0x33 returned 0 
 0 usecs [ 2437.897813] initcall cryptomgr_init+0x0/0x12 returned 0 
 0 usecs [ 2437.898213] initcall init_bio+0x0/0xd3 returned 0 
 0 usecs [ 2437.898238] initcall blk_settings_init+0x0/0x2a returned 0 
 0 usecs [ 2437.898249] initcall blk_ioc_init+0x0/0x2a returned 0 
 0 usecs [ 2437.898255] initcall blk_softirq_init+0x0/0x71 returned 0 
 0 usecs [ 2437.898260] initcall blk_iopoll_setup+0x0/0x71 returned 0 
 0 usecs [ 2437.898264] initcall blk_mq_init+0x0/0x19 returned 0 
 0 usecs [ 2437.898380] initcall genhd_device_init+0x0/0x78 returned 0 
 0 usecs [ 2437.898384] initcall blk_dev_integrity_init+0x0/0x2a returned 0 
 0 usecs [ 2437.898394] initcall byt_gpio_init+0x0/0x14 returned 0 
 0 usecs [ 2437.898403] initcall gpiolib_debugfs_init+0x0/0x24 returned 0 
 0 usecs [ 2437.898409] initcall lp_gpio_init+0x0/0x14 returned 0 
 0 usecs [ 2437.898416] initcall rc5t583_gpio_init+0x0/0x14 returned 0 
 0 usecs [ 2437.898432] initcall sx150x_init+0x0/0x14 returned 0 
 0 usecs [ 2437.898438] initcall tc3589x_gpio_init+0x0/0x14 returned 0 
 0 usecs [ 2437.898444] initcall palmas_gpio_init+0x0/0x14 returned 0 
 0 usecs [ 2437.898450] initcall tps6586x_gpio_init+0x0/0x14 returned 0 
 0 usecs [ 2437.898456] initcall tps65910_gpio_init+0x0/0x14 returned 0 
 0 usecs [ 2437.898460] initcall pwm_debugfs_init+0x0/0x24 returned 0 
 0 usecs [ 2437.898466] initcall pwm_sysfs_init+0x0/0x19 returned 0 
 0 usecs [ 2437.898472] initcall pci_slot_init+0x0/0x50 returned 0 
 0 usecs [ 2437.898481] initcall fbmem_init+0x0/0x98 returned 0 
 0 usecs [ 2437.933730] initcall pnp_init+0x0/0x12 returned 0 
 0 usecs [ 2437.933736] initcall balloon_init+0x0/0x268 returned -19 
 0 usecs [ 2437.933748] initcall xen_setup_shutdown_event+0x0/0x40 returned -19 
 0 usecs [ 2437.933759] initcall xenbus_probe_backend_init+0x0/0x54 returned 0 
 0 usecs [ 2437.933769] initcall xenbus_probe_frontend_init+0x0/0x9d returned 0 
 0 usecs [ 2437.933774] initcall xen_acpi_pad_init+0x0/0x4d returned -19 
 0 usecs [ 2437.933777] initcall balloon_init+0x0/0xfe returned -19 
 0 usecs [ 2437.933788] initcall misc_init+0x0/0xb2 returned 0 
 0 usecs [ 2437.934024] initcall vga_arb_device_init+0x0/0x1b3 returned 0 
 0 usecs [ 2437.934039] initcall cn_init+0x0/0xc0 returned 0 
 0 usecs [ 2437.934053] initcall pm860x_i2c_init+0x0/0x30 returned 0 
 0 usecs [ 2437.934060] initcall tc3589x_init+0x0/0x14 returned 0 
 0 usecs [ 2437.934067] initcall wm8400_module_init+0x0/0x30 returned 0 
 0 usecs [ 2437.934076] initcall wm831x_i2c_init+0x0/0x30 returned 0 
 0 usecs [ 2437.934086] initcall wm831x_spi_init+0x0/0x28 returned 0 
 0 usecs [ 2437.934093] initcall wm8350_i2c_init+0x0/0x14 returned 0 
 0 usecs [ 2437.934100] initcall tps65910_i2c_init+0x0/0x14 returned 0 
 0 usecs [ 2437.934107] initcall tps65912_i2c_init+0x0/0x30 returned 0 
 0 usecs [ 2437.934113] initcall tps65912_spi_init+0x0/0x28 returned 0 
 0 usecs [ 2437.934120] initcall tps80031_init+0x0/0x14 returned 0 
 0 usecs [ 2437.934127] initcall ezx_pcap_init+0x0/0x12 returned 0 
 0 usecs [ 2437.934134] initcall da903x_init+0x0/0x14 returned 0 
 0 usecs [ 2437.934142] initcall da9052_spi_init+0x0/0x2e returned 0 
 0 usecs [ 2437.934149] initcall da9052_i2c_init+0x0/0x30 returned 0 
 0 usecs [ 2437.934156] initcall lp8788_init+0x0/0x14 returned 0 
 0 usecs [ 2437.934164] initcall da9055_i2c_init+0x0/0x30 returned 0 
 0 usecs [ 2437.934171] initcall max14577_i2c_init+0x0/0x14 returned 0 
 0 usecs [ 2437.934178] initcall max77686_i2c_init+0x0/0x14 returned 0 
 0 usecs [ 2437.934185] initcall max77693_i2c_init+0x0/0x14 returned 0 
 0 usecs [ 2437.934192] initcall max8925_i2c_init+0x0/0x30 returned 0 
 0 usecs [ 2437.934199] initcall max8997_i2c_init+0x0/0x14 returned 0 
 0 usecs [ 2437.934206] initcall max8998_i2c_init+0x0/0x14 returned 0 
 0 usecs [ 2437.934214] initcall ab3100_i2c_init+0x0/0x14 returned 0 
 0 usecs [ 2437.934221] initcall tps6586x_init+0x0/0x14 returned 0 
 0 usecs [ 2437.934228] initcall tps65090_init+0x0/0x14 returned 0 
 0 usecs [ 2437.934235] initcall aat2870_init+0x0/0x14 returned 0 
 0 usecs [ 2437.934242] initcall palmas_i2c_init+0x0/0x14 returned 0 
 0 usecs [ 2437.934249] initcall rc5t583_i2c_init+0x0/0x14 returned 0 
 0 usecs [ 2437.934257] initcall sec_pmic_init+0x0/0x14 returned 0 
 0 usecs [ 2437.934264] initcall as3711_i2c_init+0x0/0x14 returned 0 
 0 usecs [ 2437.934277] initcall dma_buf_init+0x0/0x97 returned 0 
 0 usecs [ 2437.934323] initcall init_scsi+0x0/0x94 returned 0 
 0 usecs [ 2437.934519] initcall ata_init+0x0/0x451 returned 0 
 0 usecs [ 2437.934540] initcall phy_init+0x0/0x33 returned 0 
 0 usecs [ 2437.934624] initcall usb_init+0x0/0x168 returned 0 
 0 usecs [ 2437.934631] initcall serio_init+0x0/0x2e returned 0 
 0 usecs [ 2437.934641] initcall input_init+0x0/0x10c returned 0 
 0 usecs [ 2437.934647] initcall rtc_init+0x0/0x5b returned 0 
 0 usecs [ 2437.934653] initcall power_supply_class_init+0x0/0x40 returned 0 
 0 usecs [ 2437.934658] initcall hwmon_init+0x0/0xe3 returned 0 
 0 usecs [ 2437.934663] initcall watchdog_init+0x0/0x65 returned 0 
 0 usecs [ 2437.934856] initcall md_init+0x0/0x167 returned 0 
 0 usecs [ 2437.934881] initcall mmc_init+0x0/0x75 returned 0 
 0 usecs [ 2437.934887] initcall leds_init+0x0/0x3c returned 0 
 0 usecs [ 2437.934892] initcall efisubsys_init+0x0/0x13f returned 0 
 0 usecs [ 2437.935068] initcall devfreq_init+0x0/0xa9 returned 0 
 0 usecs [ 2437.935075] initcall devfreq_simple_ondemand_init+0x0/0x12 returned 0 
 0 usecs [ 2437.935079] initcall devfreq_performance_init+0x0/0x12 returned 0 
 0 usecs [ 2437.935083] initcall devfreq_powersave_init+0x0/0x12 returned 0 
 0 usecs [ 2437.935087] initcall devfreq_userspace_init+0x0/0x12 returned 0 
 0 usecs [ 2437.935099] initcall vme_init+0x0/0x12 returned 0 
 0 usecs [ 2437.935113] initcall ras_init+0x0/0x10 returned 0 
 0 usecs [ 2437.935281] initcall pci_subsys_init+0x0/0x4a returned 0 
 0 usecs [ 2437.935290] initcall proto_init+0x0/0x12 returned 0 
 0 usecs [ 2437.935365] initcall net_dev_init+0x0/0x1c4 returned 0 
 0 usecs [ 2437.935370] initcall neigh_init+0x0/0x80 returned 0 
 0 usecs [ 2437.935375] initcall fib_rules_init+0x0/0xaa returned 0 
 0 usecs [ 2437.935381] initcall init_cgroup_netprio+0x0/0x14 returned 0 
 0 usecs [ 2437.935387] initcall pktsched_init+0x0/0x109 returned 0 
 0 usecs [ 2437.935392] initcall tc_filter_init+0x0/0x55 returned 0 
 0 usecs [ 2437.935397] initcall tc_action_init+0x0/0x55 returned 0 
 0 usecs [ 2437.935404] initcall genl_init+0x0/0x87 returned 0 
 0 usecs [ 2437.935408] initcall cipso_v4_init+0x0/0x6c returned 0 
 0 usecs [ 2437.935425] initcall netlbl_init+0x0/0x83 returned 0 
 0 usecs [ 2437.935588] initcall rfkill_init+0x0/0x76 returned 0 
 0 usecs [ 2437.935595] initcall xen_mcfg_late+0x0/0xc9 returned 0 
 0 usecs [ 2437.935623] initcall nmi_warning_debugfs+0x0/0x27 returned 0 
 0 usecs [ 2437.935627] initcall hpet_late_init+0x0/0xf9 returned -19 
 0 usecs [ 2437.935633] initcall init_amd_nbs+0x0/0xc4 returned 0 
 0 usecs [ 2437.935647] initcall kvm_spinlock_debugfs+0x0/0x10e returned 0 
 0 usecs [ 2437.935802] initcall init_trace_printk_function_export+0x0/0x2f returned 0 
 0 usecs [ 2437.935807] initcall init_graph_debugfs+0x0/0x2f returned 0 
 0 usecs [ 2437.940724] initcall proc_consoles_init+0x0/0x22 returned 0 
 0 usecs [ 2437.940727] initcall proc_cpuinfo_init+0x0/0x22 returned 0 
 0 usecs [ 2437.940730] initcall proc_devices_init+0x0/0x22 returned 0 
 0 usecs [ 2437.940734] initcall proc_interrupts_init+0x0/0x22 returned 0 
 0 usecs [ 2437.940737] initcall proc_loadavg_init+0x0/0x22 returned 0 
 0 usecs [ 2437.940740] initcall proc_meminfo_init+0x0/0x22 returned 0 
 0 usecs [ 2437.940743] initcall proc_stat_init+0x0/0x22 returned 0 
 0 usecs [ 2437.940746] initcall proc_uptime_init+0x0/0x22 returned 0 
 0 usecs [ 2437.940750] initcall proc_version_init+0x0/0x22 returned 0 
 0 usecs [ 2437.940753] initcall proc_softirqs_init+0x0/0x22 returned 0 
 0 usecs [ 2437.940762] initcall vmcore_init+0x0/0x5be returned 0 
 0 usecs [ 2437.940765] initcall proc_kmsg_init+0x0/0x25 returned 0 
 0 usecs [ 2437.940769] initcall proc_page_init+0x0/0x42 returned 0 
 0 usecs [ 2437.940773] initcall init_ramfs_fs+0x0/0x4c returned 0 
 0 usecs [ 2437.940778] initcall tomoyo_initerface_init+0x0/0x17d returned 0 
 0 usecs [ 2437.940820] initcall blk_scsi_ioctl_init+0x0/0x2c5 returned 0 
 0 usecs [ 2437.948632] initcall firmware_class_init+0x0/0xcf returned 0 
 0 usecs [ 2437.948649] initcall cpufreq_gov_performance_init+0x0/0x12 returned 0 
 0 usecs [ 2437.953492] initcall ipv4_offload_init+0x0/0x61 returned 0 
 0 usecs [ 2438.002363] initcall pci_iommu_init+0x0/0x3e returned 0 
 0 usecs [ 2438.002369] initcall calgary_fixup_tce_spaces+0x0/0xf8 returned -19 
 0 usecs [ 2438.002374] initcall ir_dev_scope_init+0x0/0x36 returned 0 
 0 usecs [ 2438.002388] initcall register_kernel_offset_dumper+0x0/0x1b returned 0 
 0 usecs [ 2438.002391] initcall i8259A_init_ops+0x0/0x24 returned 0 
 0 usecs [ 2438.002394] initcall sbf_init+0x0/0xf5 returned 0 
 0 usecs [ 2438.002455] initcall i8237A_init_ops+0x0/0x14 returned 0 
 0 usecs [ 2438.002645] initcall amd_uncore_init+0x0/0x23e returned -19 
 0 usecs [ 2438.002663] initcall amd_iommu_pc_init+0x0/0x153 returned -19 
 0 usecs [ 2438.002695] initcall intel_uncore_init+0x0/0x2c7 returned -19 
 0 usecs [ 2438.002702] initcall thermal_throttle_init_device+0x0/0x8b returned 0 
 0 usecs [ 2438.003314] initcall amd_ibs_init+0x0/0x1c8 returned -19 
 0 usecs [ 2438.003319] initcall ioapic_init_ops+0x0/0x14 returned 0 
 0 usecs [ 2438.003613] initcall init_sched_debug_procfs+0x0/0x2c returned 0 
 0 usecs [ 2438.003644] initcall irq_pm_init_ops+0x0/0x14 returned 0 
 0 usecs [ 2438.003658] initcall init_posix_cpu_timers+0x0/0xc5 returned 0 
 0 usecs [ 2438.003662] initcall timekeeping_init_ops+0x0/0x14 returned 0 
 0 usecs [ 2438.003692] initcall init_timer_list_procfs+0x0/0x2c returned 0 
 0 usecs [ 2438.003801] initcall init_tstats_procfs+0x0/0x2c returned 0 
 0 usecs [ 2438.003821] initcall proc_dma_init+0x0/0x22 returned 0 
 0 usecs [ 2438.003835] initcall proc_modules_init+0x0/0x22 returned 0 
 0 usecs [ 2438.003839] initcall kallsyms_init+0x0/0x25 returned 0 
 0 usecs [ 2438.003873] initcall audit_watch_init+0x0/0x3a returned 0 
 0 usecs [ 2438.003878] initcall audit_tree_init+0x0/0x49 returned 0 
 0 usecs [ 2438.003973] initcall init_tracepoints+0x0/0x2c returned 0 
 0 usecs [ 2438.003988] initcall init_mmio_trace+0x0/0x12 returned 0 
 0 usecs [ 2438.004049] initcall init_uprobes+0x0/0x65 returned 0 
 0 usecs [ 2438.004254] initcall mm_compute_batch_init+0x0/0x19 returned 0 
 0 usecs [ 2438.004258] initcall slab_proc_init+0x0/0x25 returned 0 
 0 usecs [ 2438.004262] initcall workingset_init+0x0/0x49 returned 0 
 0 usecs [ 2438.004267] initcall proc_vmalloc_init+0x0/0x25 returned 0 
 0 usecs [ 2438.004272] initcall procswaps_init+0x0/0x22 returned 0 
 0 usecs [ 2438.005374] initcall proc_filesystems_init+0x0/0x22 returned 0 
 0 usecs [ 2438.005647] initcall init_mbcache+0x0/0x14 returned 0 
 0 usecs [ 2438.005696] initcall proc_version_signature_init+0x0/0x22 returned 0 
 0 usecs [ 2438.005941] initcall init_vfat_fs+0x0/0x12 returned 0 
 0 usecs [ 2438.006172] initcall init_nls_cp437+0x0/0x14 returned 0 
 0 usecs [ 2438.006255] initcall init_pstore_fs+0x0/0x4a returned 0 
 0 usecs [ 2438.006259] initcall efivarfs_init+0x0/0x34 returned -19 
 0 usecs [ 2438.006322] initcall selinux_nf_ip_init+0x0/0x47 returned 0 
 0 usecs [ 2438.006326] initcall init_sel_fs+0x0/0x9c returned 0 
 0 usecs [ 2438.006337] initcall sel_netif_init+0x0/0x3a returned 0 
 0 usecs [ 2438.006341] initcall sel_netnode_init+0x0/0x32 returned 0 
 0 usecs [ 2438.006345] initcall sel_netport_init+0x0/0x32 returned 0 
 0 usecs [ 2438.006350] initcall aurule_init+0x0/0x2d returned 0 
 0 usecs [ 2438.006354] initcall init_smk_fs+0x0/0x13a returned 0 
 0 usecs [ 2438.006360] initcall crypto_algapi_init+0x0/0xd returned 0 
 0 usecs [ 2438.006365] initcall chainiv_module_init+0x0/0x12 returned 0 
 0 usecs [ 2438.006370] initcall eseqiv_module_init+0x0/0x12 returned 0 
 0 usecs [ 2438.006375] initcall hmac_module_init+0x0/0x12 returned 0 
 0 usecs [ 2438.007350] initcall crypto_ecb_module_init+0x0/0x12 returned 0 
 0 usecs [ 2438.007355] initcall crypto_cbc_module_init+0x0/0x12 returned 0 
 0 usecs [ 2438.008466] initcall digsig_init+0x0/0x3d returned 0 
 0 usecs [ 2438.013010] initcall bgrt_init+0x0/0x7c returned -19 
 0 usecs [ 2438.013016] initcall erst_init+0x0/0x2d7 returned 0 
 0 usecs [ 2438.013380] initcall xenbus_probe_initcall+0x0/0x52 returned -19 
 0 usecs [ 2438.013385] initcall xenbus_init+0x0/0x3d returned -19 
 0 usecs [ 2438.013390] initcall xenbus_backend_init+0x0/0x4f returned -19 
 0 usecs [ 2438.013393] initcall hypervisor_subsys_init+0x0/0x27 returned -19 
 0 usecs [ 2438.013396] initcall hyper_sysfs_init+0x0/0xf7 returned -19 
 0 usecs [ 2438.013407] initcall xen_late_init_mcelog+0x0/0x43 returned -19 
 0 usecs [ 2438.013410] initcall xen_acpi_processor_init+0x0/0x27a returned -19 
 0 usecs [ 2438.014668] initcall xen_hvc_init+0x0/0x241 returned -19 
 0 usecs [ 2438.015864] initcall init_kgdboc+0x0/0x16 returned 0 
 0 usecs [ 2438.016393] initcall cn_proc_init+0x0/0x3a returned 0 
 0 usecs [ 2438.016413] initcall cacheinfo_sysfs_init+0x0/0x91 returned -2 
 0 usecs [ 2438.018505] initcall xlblk_init+0x0/0x88 returned -19 
 0 usecs [ 2438.022650] initcall netif_init+0x0/0x5f returned -19 
 0 usecs [ 2438.087453] initcall xhci_hcd_init+0x0/0x8 returned 0 
 0 usecs [ 2438.087456] initcall kgdbdbgp_start_thread+0x0/0x52 returned 0 
 0 usecs [ 2438.095265] initcall cpufreq_stats_init+0x0/0xd0 returned 0 
 0 usecs [ 2438.095269] initcall cpufreq_gov_powersave_init+0x0/0x12 returned 0 
 0 usecs [ 2438.095272] initcall cpufreq_gov_userspace_init+0x0/0x12 returned 0 
 0 usecs [ 2438.095276] initcall cpufreq_gov_dbs_init+0x0/0x12 returned 0 
 0 usecs [ 2438.095279] initcall cpufreq_gov_dbs_init+0x0/0x12 returned 0 
 0 usecs [ 2438.095284] initcall intel_pstate_init+0x0/0x4f8 returned -19 
 0 usecs [ 2438.095656] initcall esrt_sysfs_init+0x0/0x349 returned -38 
 0 usecs [ 2438.095662] initcall efivars_sysfs_init+0x0/0x230 returned -19 
 0 usecs [ 2438.095666] initcall staging_init+0x0/0x8 returned 0 
 0 usecs [ 2438.096975] initcall blackhole_module_init+0x0/0x12 returned 0 
 0 usecs [ 2438.096978] initcall gre_offload_init+0x0/0x17 returned 0 
 0 usecs [ 2438.097014] initcall ipv4_netfilter_init+0x0/0x12 returned 0 
 0 usecs [ 2438.098559] initcall dcbnl_init+0x0/0x4d returned 0 
 0 usecs [ 2438.099112] initcall tboot_late_init+0x0/0x275 returned 0 
 0 usecs [ 2438.099126] initcall severities_debugfs_init+0x0/0x3d returned 0 
 0 usecs [ 2438.099130] initcall threshold_init_device+0x0/0x4c returned 0 
 0 usecs [ 2438.099136] initcall hpet_insert_resource+0x0/0x24 returned 1 
 0 usecs [ 2438.099139] initcall update_mp_table+0x0/0x45d returned 0 
 0 usecs [ 2438.099147] initcall print_ICs+0x0/0x1b6 returned 0 
 0 usecs [ 2438.099151] initcall io_apic_bug_finalize+0x0/0x1b returned 0 
 0 usecs [ 2438.099163] initcall create_tlb_single_page_flush_ceiling+0x0/0x29 returned 0 
 0 usecs [ 2438.099175] initcall sched_init_debug+0x0/0x24 returned 0 
 0 usecs [ 2438.101578] initcall clear_boot_tracer+0x0/0x30 returned 0 
 0 usecs [ 2438.101586] initcall register_htab_map+0x0/0x14 returned 0 
 0 usecs [ 2438.101588] initcall register_array_map+0x0/0x14 returned 0 
 0 usecs [ 2438.101598] initcall max_swapfiles_check+0x0/0x8 returned 0 
 0 usecs [ 2438.101602] initcall init_zswap+0x0/0x3e1 returned 0 
 0 usecs [ 2438.101621] initcall check_early_ioremap_leak+0x0/0x42 returned 0 
 0 usecs [ 2438.109479] initcall boot_wait_for_devices+0x0/0x29 returned -19 
 0 usecs [ 2438.109484] initcall dmar_free_unused_resources+0x0/0xbb returned 0 
 0 usecs [ 2438.111213] initcall powernowk8_init+0x0/0x190 returned -19 
 0 usecs [ 2438.111222] initcall centrino_init+0x0/0x2a returned -19 
 0 usecs [ 2438.111987] initcall efi_shutdown_init+0x0/0x33 returned -19 
 0 usecs [ 2438.112006] initcall pci_mmcfg_late_insert_resources+0x0/0x4d returned 0 
 0 usecs [ 2438.112011] initcall register_sock_filter_ops+0x0/0x14 returned 0 
 0 usecs [ 2438.112018] initcall tcp_congestion_default+0x0/0x12 returned 0 
 0 usecs [ 2438.112036] initcall regulator_init_complete+0x0/0x158 returned 0 
 0 usecs [ 2438.112041] initcall clk_disable_unused+0x0/0x110 returned 0 
 0 usecs [ 2441.064140] initcall alsa_ac97_init+0x0/0x1000 [snd_ac97_codec] returned 0 
 0 usecs [ 2441.076298] initcall crypto_module_init+0x0/0x1000 [lrw] returned 0 
[ 2437.885460] calling  regmap_initcall+0x0/0xd @ 1
[ 2438.013379] calling  xenbus_probe_initcall+0x0/0x52 @ 1
[ 2438.109488] calling  deferred_probe_initcall+0x0/0x70 @ 1
 1 usecs [ 2437.940683] initcall init_uprobe_trace+0x0/0x53 returned 0 
 1 usecs [ 2438.003609] initcall ioresources_init+0x0/0x3c returned 0 
 1 usecs [ 2438.003995] initcall init_blk_tracer+0x0/0x58 returned 0 
 1 usecs [ 2438.004061] initcall init_per_zone_wmark_min+0x0/0xa8 returned 0 
 1 usecs [ 2438.005350] initcall init_zpool+0x0/0x16 returned 0 
 1 usecs [ 2438.005355] initcall init_zbud+0x0/0x22 returned 0 
 1 usecs [ 2438.005368] initcall fcntl_init+0x0/0x2a returned 0 
 1 usecs [ 2438.005381] initcall dio_init+0x0/0x2d returned 0 
 1 usecs [ 2438.005557] initcall inotify_user_setup+0x0/0x4b returned 0 
 1 usecs [ 2438.005586] initcall proc_locks_init+0x0/0x22 returned 0 
 1 usecs [ 2438.006312] initcall key_proc_init+0x0/0x5e returned 0 
 1 usecs [ 2438.006332] initcall selnl_init+0x0/0x56 returned 0 
 1 usecs [ 2438.008210] initcall x509_key_init+0x0/0x12 returned 0 
 1 usecs [ 2438.008422] initcall deadline_init+0x0/0x12 returned 0 
 1 usecs [ 2438.008458] initcall crc_t10dif_mod_init+0x0/0x3e returned 0 
 1 usecs [ 2438.008462] initcall percpu_counter_startup+0x0/0x19 returned 0 
 1 usecs [ 2438.008533] initcall pci_hotplug_init+0x0/0x4c returned 0 
 1 usecs [ 2438.010306] initcall intel_idle_init+0x0/0x3b6 returned -19 
 1 usecs [ 2438.012995] initcall acpi_battery_init+0x0/0x16 returned 0 
 1 usecs [ 2438.087459] initcall ledtrig_usb_init+0x0/0x2e returned 0 
 1 usecs [ 2438.097346] initcall tcp_memcontrol_init+0x0/0x30 returned 0 
 1 usecs [ 2438.099144] initcall lapic_insert_resource+0x0/0x3f returned 0 
 1 usecs [ 2438.099157] initcall pat_memtype_list_init+0x0/0x35 returned 0 
 1 usecs [ 2438.099171] initcall init_oops_id+0x0/0x40 returned 0 
 1 usecs [ 2438.099720] initcall tk_debug_sleep_time_init+0x0/0x3c returned 0 
 1 usecs [ 2438.101583] initcall kdb_ftrace_register+0x0/0x32 returned 0 
 1 usecs [ 2438.101594] initcall fault_around_debugfs+0x0/0x35 returned 0 
 1 usecs [ 2438.101616] initcall set_recommended_min_free_kbytes+0x0/0x30 returned 0 
 1 usecs [ 2438.111219] initcall pcc_cpufreq_init+0x0/0x4b3 returned -19 
 1 usecs [ 2438.112032] initcall software_resume+0x0/0x380 returned -2 
 2 usecs [ 2437.940679] initcall init_kprobe_trace+0x0/0x93 returned 0 
 2 usecs [ 2437.940708] initcall eventpoll_init+0x0/0xda returned 0 
 2 usecs [ 2437.940716] initcall anon_inode_init+0x0/0x5f returned 0 
 2 usecs [ 2437.940721] initcall proc_cmdline_init+0x0/0x22 returned 0 
 2 usecs [ 2437.940825] initcall dynamic_debug_init_debugfs+0x0/0x6b returned 0 
 2 usecs [ 2437.954533] initcall acpi_reserve_resources+0x0/0xeb returned 0 
 2 usecs [ 2438.003404] initcall audit_classes_init+0x0/0xaf returned 0 
 2 usecs [ 2438.003594] initcall ia32_binfmt_init+0x0/0x14 returned 0 
 2 usecs [ 2438.003602] initcall proc_execdomains_init+0x0/0x22 returned 0 
 2 usecs [ 2438.005362] initcall zs_init+0x0/0x9d returned 0 
 2 usecs [ 2438.006265] initcall ipc_init+0x0/0x17 returned 0 
 2 usecs [ 2438.006318] initcall big_key_init+0x0/0x12 returned 0 
 2 usecs [ 2438.008203] initcall asymmetric_key_init+0x0/0x12 returned 0 
 2 usecs [ 2438.008215] initcall proc_genhd_init+0x0/0x3c returned 0 
 2 usecs [ 2438.008472] initcall phy_core_init+0x0/0x4d returned 0 
 2 usecs [ 2438.008528] initcall pcie_pme_service_init+0x0/0x12 returned 0 
 2 usecs [ 2438.014664] initcall sysrq_init+0x0/0x78 returned 0 
 2 usecs [ 2438.018558] initcall smsc_i2c_driver_init+0x0/0x14 returned 0 
 2 usecs [ 2438.018625] initcall init_sr+0x0/0x46 returned 0 
 2 usecs [ 2438.021035] initcall net_olddevs_init+0x0/0x5b returned 0 
 2 usecs [ 2438.099708] initcall pm_debugfs_init+0x0/0x24 returned 0 
 2 usecs [ 2438.099715] initcall printk_late_init+0x0/0x41 returned 0 
 2 usecs [ 2438.112024] initcall ip_auto_config+0x0/0xe1c returned 0 
 2 usecs [ 2441.073768] initcall cryptd_init+0x0/0x1000 [cryptd] returned 0 
 3 usecs [ 2437.940759] initcall proc_kcore_init+0x0/0x182 returned 0 
 3 usecs [ 2437.940883] initcall pnp_system_init+0x0/0x12 returned 0 
 3 usecs [ 2437.953507] initcall ipv6_offload_init+0x0/0x7f returned 0 
 3 usecs [ 2438.002401] initcall init_tsc_clocksource+0x0/0xb7 returned 0 
 3 usecs [ 2438.003358] initcall start_periodic_check_for_corruption+0x0/0x60 returned 0 
 3 usecs [ 2438.003398] initcall pmc_atom_init+0x0/0x1c2 returned -19 
 3 usecs [ 2438.005344] initcall init_cleancache+0x0/0xbd returned 0 
 3 usecs [ 2438.005566] initcall fanotify_user_setup+0x0/0x77 returned 0 
 3 usecs [ 2438.013375] initcall virtio_balloon_driver_init+0x0/0x12 returned 0 
 3 usecs [ 2438.015860] initcall sccnxp_uart_driver_init+0x0/0x14 returned 0 
 3 usecs [ 2438.016389] initcall init_tis+0x0/0xa6 returned 0 
 3 usecs [ 2438.018534] initcall twl_driver_init+0x0/0x14 returned 0 
 3 usecs [ 2438.018543] initcall twl4030_audio_driver_init+0x0/0x14 returned 0 
 3 usecs [ 2438.018550] initcall twl6040_driver_init+0x0/0x14 returned 0 
 3 usecs [ 2438.018593] initcall adp5520_driver_init+0x0/0x14 returned 0 
 3 usecs [ 2438.018601] initcall intel_soc_pmic_i2c_driver_init+0x0/0x14 returned 0 
 3 usecs [ 2438.022659] initcall cdrom_init+0x0/0x19 returned 0 
 3 usecs [ 2438.109261] initcall pci_resource_alignment_sysfs_init+0x0/0x22 returned 0 
 3 usecs [ 2440.856978] initcall parport_default_proc_register+0x0/0x1000 [parport] returned 0 
 3 usecs [ 2440.961392] initcall mac_hid_init+0x0/0x1000 [mac_hid] returned 0 
 4 usecs [ 2437.935722] initcall clocksource_done_booting+0x0/0x42 returned 0 
 4 usecs [ 2437.953499] initcall af_unix_init+0x0/0x52 returned 0 
 4 usecs [ 2438.003849] initcall pid_namespaces_init+0x0/0x40 returned 0 
 4 usecs [ 2438.003968] initcall utsname_sysctl_init+0x0/0x14 returned 0 
 4 usecs [ 2438.004242] initcall extfrag_debug_init+0x0/0x7c returned 0 
 4 usecs [ 2438.004249] initcall setup_vmstat+0x0/0x198 returned 0 
 4 usecs [ 2438.005692] initcall quota_init+0x0/0x31 returned 0 
 4 usecs [ 2438.008564] initcall asiliantfb_init+0x0/0x34 returned 0 
 4 usecs [ 2438.010300] initcall efifb_driver_init+0x0/0x14 returned 0 
 4 usecs [ 2438.013005] initcall acpi_hed_driver_init+0x0/0x12 returned 0 
 4 usecs [ 2438.013350] initcall virtio_mmio_init+0x0/0x14 returned 0 
 4 usecs [ 2438.015853] initcall max310x_uart_driver_init+0x0/0x12 returned 0 
 4 usecs [ 2438.022277] initcall virtio_net_driver_init+0x0/0x12 returned 0 
 4 usecs [ 2438.022681] initcall dwc2_platform_driver_init+0x0/0x14 returned 0 
 4 usecs [ 2438.092636] initcall xgene_rtc_driver_init+0x0/0x14 returned 0 
 4 usecs [ 2438.099120] initcall mcheck_debugfs_init+0x0/0x3b returned 0 
 4 usecs [ 2438.109253] initcall prandom_reseed+0x0/0x47 returned 0 
 5 usecs [ 2438.003654] initcall init_posix_timers+0x0/0x243 returned 0 
 5 usecs [ 2438.003830] initcall system_trusted_keyring_init+0x0/0x70 returned 0 
 5 usecs [ 2438.003983] initcall stack_trace_init+0x0/0xaf returned 0 
 5 usecs [ 2438.004281] initcall init_frontswap+0x0/0x95 returned 0 
 5 usecs [ 2438.005550] initcall dnotify_init+0x0/0x7b returned 0 
 5 usecs [ 2438.006274] initcall ipc_sysctl_init+0x0/0x14 returned 0 
 5 usecs [ 2438.008418] initcall noop_init+0x0/0x12 returned 0 
 5 usecs [ 2438.008556] initcall imsttfb_init+0x0/0xf6 returned 0 
 5 usecs [ 2438.013404] initcall platform_pci_module_init+0x0/0x1b returned 0 
 5 usecs [ 2438.016381] initcall agp_via_init+0x0/0x2a returned 0 
 5 usecs [ 2438.018568] initcall axp20x_i2c_driver_init+0x0/0x14 returned 0 
 5 usecs [ 2438.096969] initcall sock_diag_init+0x0/0x12 returned 0 
 5 usecs [ 2438.101632] initcall init_root_keyring+0x0/0xb returned 0 
 5 usecs [ 2441.056832] initcall alsa_pcm_init+0x0/0x1000 [snd_pcm] returned 0 
 6 usecs [ 2437.940875] initcall acpi_event_init+0x0/0x3d returned 0 
 6 usecs [ 2438.008522] initcall aer_service_init+0x0/0x3e returned 0 
 6 usecs [ 2438.022671] initcall dwc2_pci_driver_init+0x0/0x1b returned 0 
 7 usecs [ 2437.953208] initcall sysctl_core_init+0x0/0x2c returned 0 
 7 usecs [ 2438.012764] initcall acpi_fan_driver_init+0x0/0x14 returned 0 
 7 usecs [ 2438.018638] initcall init_sg+0x0/0x124 returned 0 
 7 usecs [ 2438.021014] initcall sis_pci_driver_init+0x0/0x1b returned 0 
 7 usecs [ 2438.021028] initcall ata_generic_pci_driver_init+0x0/0x1b returned 0 
 7 usecs [ 2438.101262] initcall debugfs_kprobe_init+0x0/0xad returned 0 
 7 usecs [ 2441.030819] initcall alsa_sound_init+0x0/0x86 [snd] returned 0 
 8 usecs [ 2437.940864] initcall simplefb_init+0x0/0x14 returned 0 
 8 usecs [ 2437.948644] initcall thermal_init+0x0/0xa8 returned 0 
 8 usecs [ 2438.005580] initcall aio_setup+0x0/0xc5 returned 0 
 8 usecs [ 2438.005708] initcall init_devpts_fs+0x0/0x62 returned 0 
 8 usecs [ 2438.008484] initcall intel_gpio_init+0x0/0x1b returned 0 
 9 usecs [ 2438.008497] initcall pci_proc_init+0x0/0x67 returned 0 
 9 usecs [ 2438.008547] initcall pcied_init+0x0/0x76 returned 0 
 9 usecs [ 2438.022696] initcall xhci_pci_init+0x0/0x44 returned 0 
 9 usecs [ 2438.112001] initcall clk_debug_init+0x0/0x139 returned 0 
 10 usecs [ 2437.940699] initcall init_pipe_fs+0x0/0x49 returned 0 
 10 usecs [ 2438.003816] initcall futex_init+0x0/0x102 returned 0 
 10 usecs [ 2438.008511] initcall pcie_portdrv_init+0x0/0x79 returned 0 
 10 usecs [ 2438.016409] initcall topology_sysfs_init+0x0/0x90 returned 0 
 10 usecs [ 2438.090430] initcall atkbd_init+0x0/0x27 returned 0 
 10 usecs [ 2438.096937] initcall extcon_class_init+0x0/0x17 returned 0 
 10 usecs [ 2438.111207] initcall acpi_cpufreq_init+0x0/0x279 returned -19 
 11 usecs [ 2437.953192] initcall pcibios_assign_resources+0x0/0xbc returned 0 
 11 usecs [ 2438.013366] initcall virtio_pci_driver_init+0x0/0x1b returned 0 
 11 usecs [ 2438.015845] initcall serial_pci_driver_init+0x0/0x1b returned 0 
 11 usecs [ 2438.015899] initcall init+0x0/0x106 returned 0 
 11 usecs [ 2438.018585] initcall da9063_i2c_driver_init+0x0/0x14 returned 0 
 11 usecs [ 2438.018618] initcall init_sd+0x0/0x173 returned 0 
 12 usecs [ 2437.935741] initcall ftrace_init_debugfs+0x0/0x1f3 returned 0 
 13 usecs [ 2438.016331] initcall agp_amd64_mod_init+0x0/0x21 returned -19 
 14 usecs [ 2438.003869] initcall audit_init+0x0/0xf7 returned 0 
 15 usecs [ 2438.003340] initcall add_pcspkr+0x0/0x40 returned 0 
 15 usecs [ 2438.004301] initcall hugetlb_init+0x0/0x4e1 returned 0 
 15 usecs [ 2438.015884] initcall ttyprintk_init+0x0/0x101 returned 0 
 15 usecs [ 2438.018525] initcall htcpld_core_init+0x0/0x2d returned -19 
 15 usecs [ 2438.215523] initcall pacpi_pci_driver_init+0x0/0x1000 [pata_acpi] returned 0 
 16 usecs [ 2438.096958] initcall powercap_init+0x0/0x289 returned 0 
 17 usecs [ 2438.111982] initcall firmware_memmap_init+0x0/0x35 returned 0 
 17 usecs [ 2441.058886] initcall ac97_bus_init+0x0/0x1000 [ac97_bus] returned 0 
 18 usecs [ 2438.003390] initcall sysfb_init+0x0/0x6f returned 0 
 19 usecs [ 2440.971854] initcall fintek_8250_init+0x0/0x20 [8250_fintek] returned 0 
 20 usecs [ 2438.002690] initcall rapl_pmu_init+0x0/0x1a8 returned 0 
 20 usecs [ 2441.026859] initcall init_soundcore+0x0/0x1000 [soundcore] returned 0 
 21 usecs [ 2437.940851] initcall fb_console_init+0x0/0x116 returned 0 
 21 usecs [ 2438.003688] initcall init_clocksource_sysfs+0x0/0x69 returned 0 
 22 usecs [ 2438.003640] initcall snapshot_device_init+0x0/0x12 returned 0 
 24 usecs [ 2438.005903] initcall init_hugetlbfs_fs+0x0/0x17d returned 0 
 24 usecs [ 2438.015927] initcall hpet_init+0x0/0x67 returned 0 
 24 usecs [ 2441.027063] initcall serio_raw_drv_init+0x0/0x1000 [serio_raw] returned 0 
 25 usecs [ 2438.003723] initcall alarmtimer_init+0x0/0x168 returned 0 
 26 usecs [ 2438.006306] initcall init_mqueue_fs+0x0/0xa3 returned 0 
 27 usecs [ 2438.008453] initcall cfq_init+0x0/0xb7 returned 0 
 28 usecs [ 2438.097010] initcall sysctl_ipv4_init+0x0/0x50 returned 0 
 29 usecs [ 2438.005682] initcall dquot_init+0x0/0x122 returned 0 
 29 usecs [ 2438.005937] initcall init_fat_fs+0x0/0x4c returned 0 
 29 usecs [ 2438.008248] initcall bsg_init+0x0/0x130 returned 0 
 32 usecs [ 2437.940817] initcall aa_create_aafs+0x0/0x219 returned 0 
 35 usecs [ 2438.002451] initcall add_rtc_cmos+0x0/0xb8 returned 0 
 37 usecs [ 2438.016373] initcall agp_intel_init+0x0/0x2a returned 0 
 37 usecs [ 2438.018500] initcall init+0x0/0x82 returned 0 
 39 usecs [ 2438.012810] initcall acpi_processor_driver_init+0x0/0x4b returned 0 
 40 usecs [ 2437.935796] initcall tracer_init_debugfs+0x0/0x1cb returned 0 
 40 usecs [ 2440.898444] initcall drm_core_init+0x0/0x109 [drm] returned 0 
 41 usecs [ 2441.034721] initcall alsa_timer_init+0x0/0x1000 [snd_timer] returned 0 
 45 usecs [ 2438.004045] initcall perf_event_sysfs_init+0x0/0x93 returned 0 
 49 usecs [ 2438.005641] initcall init_sys32_ioctl+0x0/0x28 returned 0 
 64 usecs [ 2438.005873] initcall journal_init+0x0/0x106 returned 0 
 65 usecs [ 2441.056077] initcall joydev_init+0x0/0x1000 [joydev] returned 0 
 66 usecs [ 2438.003796] initcall clockevents_init_sysfs+0x0/0xcf returned 0 
 71 usecs [ 2438.006250] initcall fuse_init+0x0/0x1ad returned 0 
 74 usecs [ 2438.003959] initcall init_kprobes+0x0/0x1b9 returned 0 
 88 usecs [ 2438.005803] initcall ext4_init_fs+0x0/0x27b returned 0 
 125 usecs [ 2438.008027] initcall lzo_mod_init+0x0/0x12 returned 0 
 145 usecs [ 2438.005537] initcall fsnotify_mark_init+0x0/0x40 returned 0 
 146 usecs [ 2438.007512] initcall aes_init+0x0/0x12 returned 0 
 149 usecs [ 2438.006711] initcall sha1_generic_mod_init+0x0/0x12 returned 0 
 151 usecs [ 2438.008407] initcall throtl_init+0x0/0x44 returned 0 
 154 usecs [ 2438.008194] initcall krng_mod_init+0x0/0x12 returned 0 
 161 usecs [ 2438.003584] initcall crc32c_intel_mod_init+0x0/0x75 returned 0 
 161 usecs [ 2438.007685] initcall crc32c_mod_init+0x0/0x12 returned 0 
 162 usecs [ 2438.004232] initcall kswapd_init+0x0/0x6e returned 0 
 164 usecs [ 2438.006549] initcall md5_mod_init+0x0/0x12 returned 0 
 165 usecs [ 2438.111191] initcall charger_manager_init+0x0/0x9b returned 0 
 167 usecs [ 2438.012987] initcall acpi_thermal_init+0x0/0x80 returned 0 
 171 usecs [ 2438.002637] initcall cache_sysfs_init+0x0/0x77 returned 0 
 174 usecs [ 2438.099096] initcall mcheck_init_device+0x0/0x187 returned 0 
 190 usecs [ 2438.007889] initcall crct10dif_mod_init+0x0/0x12 returned 0 
 203 usecs [ 2438.109473] initcall pci_sysfs_init+0x0/0x4f returned 0 
 214 usecs [ 2438.006166] initcall ecryptfs_init+0x0/0x1ba returned 0 
 215 usecs [ 2438.109713] initcall deferred_probe_initcall+0x0/0x70 returned 0 
 221 usecs [ 2438.091576] initcall uinput_init+0x0/0x12 returned 0 
 223 usecs [ 2440.964825] initcall acpi_video_init+0x0/0xfdf [video] returned 0 
 270 usecs [ 2437.953489] initcall inet_init+0x0/0x285 returned 0 
 292 usecs [ 2438.109244] initcall init_evm+0x0/0x42 returned 0 
 294 usecs [ 2438.007021] initcall sha256_generic_mod_init+0x0/0x17 returned 0 
 298 usecs [ 2438.101573] initcall taskstats_init+0x0/0x70 returned 0 
 299 usecs [ 2438.108611] initcall init_profile_hash+0x0/0x7d returned 0 
 305 usecs [ 2438.007343] initcall sha512_generic_mod_init+0x0/0x17 returned 0 
 306 usecs [ 2438.023015] initcall ehci_hcd_init+0x0/0xd3 returned 0 
 306 usecs [ 2438.023335] initcall ehci_pci_init+0x0/0x69 returned 0 
 310 usecs [ 2438.013339] initcall ghes_init+0x0/0x17a returned -22 
 310 usecs [ 2438.087447] initcall uhci_hcd_init+0x0/0x11d returned 0 
 312 usecs [ 2438.087123] initcall ohci_platform_init+0x0/0x4c returned 0 
 314 usecs [ 2438.108939] initcall init_ima+0x0/0x34 returned 0 
 316 usecs [ 2438.097341] initcall cubictcp_register+0x0/0x59 returned 0 
 322 usecs [ 2438.021371] initcall fixed_mdio_bus_init+0x0/0xf7 returned 0 
 323 usecs [ 2438.090415] initcall evdev_init+0x0/0x12 returned 0 
 329 usecs [ 2438.023678] initcall ehci_platform_init+0x0/0x4c returned 0 
 333 usecs [ 2438.098555] initcall packet_init+0x0/0x44 returned 0 
 337 usecs [ 2438.098910] initcall init_dns_resolver+0x0/0xdc returned 0 
 342 usecs [ 2438.092991] initcall i2c_dev_init+0x0/0xd1 returned 0 
 353 usecs [ 2438.022644] initcall ppp_init+0x0/0xe4 returned 0 
 353 usecs [ 2438.095650] initcall ledtrig_cpu_init+0x0/0xa0 returned 0 
 360 usecs [ 2438.024052] initcall ohci_hcd_mod_init+0x0/0x97 returned 0 
 372 usecs [ 2438.016312] initcall agp_init+0x0/0x29 returned 0 
 490 usecs [ 2440.914294] initcall vboxvideo_init+0x0/0x1000 [vboxvideo] returned 0 
 506 usecs [ 2438.099699] initcall pm_qos_power_init+0x0/0x65 returned 0 
 551 usecs [ 2438.096239] initcall skein_generic_init+0x0/0x56 returned 0 
 574 usecs [ 2440.988419] initcall parport_pc_init+0x0/0xf3e [parport_pc] returned 0 
 583 usecs [ 2438.003307] initcall microcode_init+0x0/0x1de returned 0 
 611 usecs [ 2438.110346] initcall late_resume_init+0x0/0x1c0 returned 0 
 649 usecs [ 2438.111016] initcall rtc_hctosys+0x0/0x10d returned 0 
 650 usecs [ 2438.090079] initcall mousedev_init+0x0/0x87 returned 0 
 659 usecs [ 2438.096921] initcall pcc_init+0x0/0x153 returned -19 
 706 usecs [ 2438.111952] initcall edd_init+0x0/0x2e7 returned -19 
 744 usecs [ 2437.941652] initcall pnpacpi_init+0x0/0x74 returned 0 
 831 usecs [ 2438.098205] initcall inet6_init+0x0/0x389 returned 0 
 868 usecs [ 2438.022266] initcall tun_init+0x0/0x92 returned 0 
 893 usecs [ 2438.011228] initcall acpi_ac_init+0x0/0x2e returned 0 
 988 usecs [ 2437.954525] initcall pci_apply_final_quirks+0x0/0x107 returned 0 
 989 usecs [ 2438.017432] initcall brd_init+0x0/0x1db returned 0 
 994 usecs [ 2438.018456] initcall loop_init+0x0/0x151 returned 0 
 1004 usecs [ 2438.005335] initcall slab_sysfs_init+0x0/0xf8 returned 0 
 1021 usecs [ 2438.092628] initcall cmos_init+0x0/0x84 returned 0 
 1130 usecs [ 2438.015829] initcall serial8250_init+0x0/0x1a8 returned 0 
 1214 usecs [ 2438.014658] initcall pty_init+0x0/0x3a4 returned 0 
 1479 usecs [ 2438.012751] initcall acpi_button_driver_init+0x0/0x12 returned 0 
 1485 usecs [ 2438.101247] initcall load_system_certificate_list+0x0/0x10a returned 0 
 1682 usecs [ 2438.010292] initcall vesafb_driver_init+0x0/0x14 returned 0 
 1861 usecs [ 2441.029562] initcall piix4_driver_init+0x0/0x1000 [i2c_piix4] returned 0 
 1899 usecs [ 2438.089408] initcall i8042_init+0x0/0x423 returned 0 
 1902 usecs [ 2438.907641] initcall hid_init+0x0/0x67 [hid] returned 0 
 2199 usecs [ 2438.095254] initcall dm_init+0x0/0x4a returned 0 
 2302 usecs [ 2438.021001] initcall piix_init+0x0/0x29 returned 0 
 2434 usecs [ 2438.104132] initcall init_trusted+0x0/0xc0 returned 0 
 3662 usecs [ 2438.931212] initcall hid_generic_init+0x0/0x1000 [hid_generic] returned 0 
 3906 usecs [ 2437.866928] initcall kvm_spinlock_init_jump+0x0/0x34 returned 0 
 3906 usecs [ 2437.884737] initcall net_ns_init+0x0/0x104 returned 0 
 3906 usecs [ 2437.889476] initcall init_ladder+0x0/0x12 returned 0 
 3906 usecs [ 2437.892943] initcall init_menu+0x0/0x12 returned 0 
 3906 usecs [ 2437.896956] initcall pm_sysrq_init+0x0/0x19 returned 0 
 3947 usecs [ 2441.087170] initcall aes_init+0x0/0x1000 [aes_x86_64] returned 0 
 4059 usecs [ 2438.108297] initcall init_encrypted+0x0/0x120 returned 0 
 4308 usecs [ 2441.166076] initcall crc32_pclmul_mod_init+0x0/0x1000 [crc32_pclmul] returned 0 
 4357 usecs [ 2438.238862] initcall psmouse_init+0x0/0x87 [psmouse] returned 0 
 4416 usecs [ 2437.953176] initcall init_acpi_pm_clocksource+0x0/0xd9 returned 0 
 4738 usecs [ 2437.940670] initcall event_trace_init+0x0/0x215 returned 0 
 4829 usecs [ 2441.856633] initcall init+0x0/0x1000 [vboxsf] returned 0 
 6802 usecs [ 2437.948624] initcall chr_dev_init+0x0/0xc1 returned 0 
 9632 usecs [ 2438.925492] initcall hid_init+0x0/0x1000 [usbhid] returned 0 
 10255 usecs [ 2440.871820] initcall lp_init_module+0x0/0x1000 [lp] returned 0 
 12191 usecs [ 2441.159607] initcall ghash_pclmulqdqni_mod_init+0x0/0x1000 [ghash_clmulni_intel] returned 0 
 13669 usecs [ 2441.188688] initcall crct10dif_intel_mod_init+0x0/0x1000 [crct10dif_pclmul] returned 0 
 13751 usecs [ 2441.189194] initcall ppdev_init+0x0/0x1000 [ppdev] returned 0 
 29268 usecs [ 2441.061286] initcall vboxguestLinuxModInit+0x0/0x1000 [vboxguest] returned 0 
 35156 usecs [ 2437.933709] initcall acpi_init+0x0/0x267 returned 0 
 46676 usecs [ 2438.002357] initcall populate_rootfs+0x0/0x106 returned 0 
 47293 usecs [ 2441.137840] initcall aesni_init+0x0/0xfb [aesni_intel] returned 0 
 61263 usecs [ 2438.086796] initcall ohci_pci_init+0x0/0x69 returned 0 
 287209 usecs [ 2441.362229] initcall intel8x0_driver_init+0x0/0x1000 [snd_intel8x0] returned 0 
 353467 usecs [ 2438.587276] initcall ahci_pci_driver_init+0x0/0x1000 [ahci] returned 0 
 358905 usecs [ 2438.584045] initcall e1000_init_module+0x0/0x1000 [e1000] returned 0 
